<?xml version="1.0" encoding="UTF-8"?>
<testng-results ignored="0" total="1" passed="1" failed="0" skipped="0">
  <reporter-output>
  </reporter-output>
  <suite started-at="2024-07-19T15:40:54 IST" name="Suite" finished-at="2024-07-19T15:41:40 IST" duration-ms="46249">
    <groups>
    </groups>
    <test started-at="2024-07-19T15:40:54 IST" name="Test" finished-at="2024-07-19T15:41:40 IST" duration-ms="46249">
      <class name="TestLayer.LoginPageTest">
        <test-method is-config="true" signature="setUp()[pri:0, instance:TestLayer.LoginPageTest@5a56cdac]" started-at="2024-07-19T15:40:54 IST" name="setUp" finished-at="2024-07-19T15:41:37 IST" duration-ms="43482" status="PASS">
          <reporter-output>
          </reporter-output>
        </test-method> <!-- setUp -->
        <test-method signature="validateLoginFunctionality()[pri:0, instance:TestLayer.LoginPageTest@5a56cdac]" started-at="2024-07-19T15:41:37 IST" name="validateLoginFunctionality" finished-at="2024-07-19T15:41:40 IST" duration-ms="2621" status="PASS">
          <reporter-output>
          </reporter-output>
        </test-method> <!-- validateLoginFunctionality -->
        <test-method is-config="true" signature="tearDown()[pri:0, instance:TestLayer.LoginPageTest@5a56cdac]" started-at="2024-07-19T15:41:40 IST" name="tearDown" finished-at="2024-07-19T15:41:40 IST" duration-ms="1" status="PASS">
          <reporter-output>
          </reporter-output>
        </test-method> <!-- tearDown -->
      </class> <!-- TestLayer.LoginPageTest -->
    </test> <!-- Test -->
  </suite> <!-- Suite -->
</testng-results>
